{"C:\\Users\\gerar\\Web_Development_Projects\\FSO\\Part2\\2.0_renderingCollections\\src\\components\\Note.jsx": {"path":"C:\\Users\\gerar\\Web_Development_Projects\\FSO\\Part2\\2.0_renderingCollections\\src\\components\\Note.jsx","statementMap":{"0":{"start":{"line":1,"column":13},"end":{"line":13,"column":null}},"1":{"start":{"line":2,"column":16},"end":{"line":4,"column":null}},"2":{"start":{"line":6,"column":2},"end":{"line":10,"column":null}}},"fnMap":{"0":{"name":"(anonymous_0)","decl":{"start":{"line":1,"column":13},"end":{"line":1,"column":14}},"loc":{"start":{"line":1,"column":45},"end":{"line":13,"column":null}},"line":1}},"branchMap":{"0":{"loc":{"start":{"line":2,"column":16},"end":{"line":4,"column":null}},"type":"cond-expr","locations":[{"start":{"line":3,"column":6},"end":{"line":3,"column":null}},{"start":{"line":4,"column":6},"end":{"line":4,"column":null}}],"line":2}},"s":{"0":1,"1":3,"2":3},"f":{"0":3},"b":{"0":[3,0]},"meta":{"lastBranch":1,"lastFunction":1,"lastStatement":3,"seen":{"s:1:13:13:Infinity":0,"f:1:13:1:14":0,"s:2:16:4:Infinity":1,"b:3:6:3:Infinity:4:6:4:Infinity":0,"s:6:2:10:Infinity":2}}}
,"C:\\Users\\gerar\\Web_Development_Projects\\FSO\\Part2\\2.0_renderingCollections\\src\\components\\NoteForm.jsx": {"path":"C:\\Users\\gerar\\Web_Development_Projects\\FSO\\Part2\\2.0_renderingCollections\\src\\components\\NoteForm.jsx","statementMap":{"0":{"start":{"line":3,"column":17},"end":{"line":31,"column":null}},"1":{"start":{"line":4,"column":28},"end":{"line":4,"column":null}},"2":{"start":{"line":6,"column":18},"end":{"line":14,"column":null}},"3":{"start":{"line":7,"column":4},"end":{"line":7,"column":null}},"4":{"start":{"line":8,"column":4},"end":{"line":11,"column":null}},"5":{"start":{"line":13,"column":4},"end":{"line":13,"column":null}},"6":{"start":{"line":16,"column":2},"end":{"line":29,"column":null}},"7":{"start":{"line":23,"column":29},"end":{"line":23,"column":null}}},"fnMap":{"0":{"name":"(anonymous_0)","decl":{"start":{"line":3,"column":17},"end":{"line":3,"column":18}},"loc":{"start":{"line":3,"column":37},"end":{"line":31,"column":null}},"line":3},"1":{"name":"(anonymous_1)","decl":{"start":{"line":6,"column":18},"end":{"line":6,"column":19}},"loc":{"start":{"line":6,"column":29},"end":{"line":14,"column":null}},"line":6},"2":{"name":"(anonymous_2)","decl":{"start":{"line":23,"column":20},"end":{"line":23,"column":29}},"loc":{"start":{"line":23,"column":29},"end":{"line":23,"column":null}},"line":23}},"branchMap":{},"s":{"0":1,"1":19,"2":19,"3":1,"4":1,"5":1,"6":19,"7":17},"f":{"0":19,"1":1,"2":17},"b":{},"meta":{"lastBranch":0,"lastFunction":3,"lastStatement":8,"seen":{"s:3:17:31:Infinity":0,"f:3:17:3:18":0,"s:4:28:4:Infinity":1,"s:6:18:14:Infinity":2,"f:6:18:6:19":1,"s:7:4:7:Infinity":3,"s:8:4:11:Infinity":4,"s:13:4:13:Infinity":5,"s:16:2:29:Infinity":6,"f:23:20:23:29":2,"s:23:29:23:Infinity":7}}}
,"C:\\Users\\gerar\\Web_Development_Projects\\FSO\\Part2\\2.0_renderingCollections\\src\\components\\Togglable.jsx": {"path":"C:\\Users\\gerar\\Web_Development_Projects\\FSO\\Part2\\2.0_renderingCollections\\src\\components\\Togglable.jsx","statementMap":{"0":{"start":{"line":4,"column":6},"end":{"line":31,"column":null}},"1":{"start":{"line":5,"column":28},"end":{"line":5,"column":null}},"2":{"start":{"line":7,"column":26},"end":{"line":7,"column":null}},"3":{"start":{"line":8,"column":26},"end":{"line":8,"column":null}},"4":{"start":{"line":10,"column":27},"end":{"line":12,"column":null}},"5":{"start":{"line":11,"column":4},"end":{"line":11,"column":null}},"6":{"start":{"line":14,"column":2},"end":{"line":18,"column":null}},"7":{"start":{"line":15,"column":4},"end":{"line":17,"column":null}},"8":{"start":{"line":20,"column":2},"end":{"line":29,"column":null}},"9":{"start":{"line":33,"column":0},"end":{"line":35,"column":null}},"10":{"start":{"line":37,"column":0},"end":{"line":37,"column":null}}},"fnMap":{"0":{"name":"(anonymous_0)","decl":{"start":{"line":4,"column":29},"end":{"line":4,"column":30}},"loc":{"start":{"line":4,"column":46},"end":{"line":31,"column":1}},"line":4},"1":{"name":"(anonymous_1)","decl":{"start":{"line":10,"column":27},"end":{"line":10,"column":33}},"loc":{"start":{"line":10,"column":33},"end":{"line":12,"column":null}},"line":10},"2":{"name":"(anonymous_2)","decl":{"start":{"line":14,"column":28},"end":{"line":14,"column":34}},"loc":{"start":{"line":14,"column":34},"end":{"line":18,"column":3}},"line":14}},"branchMap":{"0":{"loc":{"start":{"line":7,"column":37},"end":{"line":7,"column":59}},"type":"cond-expr","locations":[{"start":{"line":7,"column":47},"end":{"line":7,"column":56}},{"start":{"line":7,"column":56},"end":{"line":7,"column":59}}],"line":7},"1":{"loc":{"start":{"line":8,"column":37},"end":{"line":8,"column":59}},"type":"cond-expr","locations":[{"start":{"line":8,"column":47},"end":{"line":8,"column":52}},{"start":{"line":8,"column":52},"end":{"line":8,"column":59}}],"line":8}},"s":{"0":1,"1":7,"2":7,"3":7,"4":7,"5":3,"6":7,"7":0,"8":7,"9":1,"10":1},"f":{"0":7,"1":3,"2":0},"b":{"0":[2,5],"1":[2,5]},"meta":{"lastBranch":2,"lastFunction":3,"lastStatement":11,"seen":{"s:4:6:31:Infinity":0,"f:4:29:4:30":0,"s:5:28:5:Infinity":1,"s:7:26:7:Infinity":2,"b:7:47:7:56:7:56:7:59":0,"s:8:26:8:Infinity":3,"b:8:47:8:52:8:52:8:59":1,"s:10:27:12:Infinity":4,"f:10:27:10:33":1,"s:11:4:11:Infinity":5,"s:14:2:18:Infinity":6,"f:14:28:14:34":2,"s:15:4:17:Infinity":7,"s:20:2:29:Infinity":8,"s:33:0:35:Infinity":9,"s:37:0:37:Infinity":10}}}
}
